[debug] [2019-10-20T17:16:25.872Z] ----------------------------------------------------------------------
[debug] [2019-10-20T17:16:25.874Z] Command:       /usr/local/heroku/bin/node /usr/local/heroku/bin/firebase init
[debug] [2019-10-20T17:16:25.875Z] CLI Version:   7.6.1
[debug] [2019-10-20T17:16:25.875Z] Platform:      linux
[debug] [2019-10-20T17:16:25.875Z] Node Version:  v11.14.0
[debug] [2019-10-20T17:16:25.878Z] Time:          Sun Oct 20 2019 17:16:25 GMT+0000 (Coordinated Universal Time)
[debug] [2019-10-20T17:16:25.878Z] ----------------------------------------------------------------------
[debug] [2019-10-20T17:16:25.878Z] 
[debug] [2019-10-20T17:16:25.884Z] > command requires scopes: ["email","openid","https://www.googleapis.com/auth/cloudplatformprojects.readonly","https://www.googleapis.com/auth/firebase","https://www.googleapis.com/auth/cloud-platform"]
[debug] [2019-10-20T17:16:25.884Z] > authorizing via signed-in user
[info] 
     ######## #### ########  ######## ########     ###     ######  ########
     ##        ##  ##     ## ##       ##     ##  ##   ##  ##       ##
     ######    ##  ########  ######   ########  #########  ######  ######
     ##        ##  ##    ##  ##       ##     ## ##     ##       ## ##
     ##       #### ##     ## ######## ########  ##     ##  ######  ########

You're about to initialize a Firebase project in this directory:

  /home/ec2-user/environment/taskleaf

[info] 
=== Project Setup
[info] 
[info] First, let's associate this project directory with a Firebase project.
[info] You can create multiple project aliases by running firebase use --add, 
[info] but for now we'll just set up a default project.
[info] 
[info] i  If you want to create a project in a Google Cloud organization or folder, please use "firebase projects:create" instead, and return to this command when you've created the project.
[debug] [2019-10-20T17:18:31.310Z] >>> HTTP REQUEST POST https://cloudresourcemanager.googleapis.com/v1/projects  

[debug] [2019-10-20T17:18:31.520Z] <<< HTTP RESPONSE 409
[debug] [2019-10-20T17:18:31.521Z] <<< HTTP RESPONSE BODY
[debug] [2019-10-20T17:18:31.523Z] HTTP Error: 409, Requested entity already exists
[debug] [2019-10-20T17:18:31.625Z] FirebaseError: HTTP Error: 409, Requested entity already exists
    at module.exports (/usr/local/heroku/lib/node_modules/firebase-tools/lib/responseToError.js:38:12)
    at Request._callback (/usr/local/heroku/lib/node_modules/firebase-tools/lib/api.js:39:35)
    at Request.self.callback (/usr/local/heroku/lib/node_modules/firebase-tools/node_modules/request/request.js:185:22)
    at Request.emit (events.js:193:13)
    at Request.EventEmitter.emit (domain.js:481:20)
    at Request.<anonymous> (/usr/local/heroku/lib/node_modules/firebase-tools/node_modules/request/request.js:1161:10)
    at Request.emit (events.js:193:13)
    at Request.EventEmitter.emit (domain.js:481:20)
    at IncomingMessage.<anonymous> (/usr/local/heroku/lib/node_modules/firebase-tools/node_modules/request/request.js:1083:12)
    at Object.onceWrapper (events.js:281:20)
[error] 
[error] Error: Failed to create Google Cloud project. See firebase-debug.log for more info.
